TN:
SF:scripts.js
FN:21,(anonymous_0)
FN:68,getColors
FN:71,setColors
FN:78,getHabs
FN:81,setHabs
FN:137,getWhiteCoords
FN:141,setWhiteCoords
FN:147,getBlueCoords
FN:151,setBlueCoords
FN:157,getGreenCoords
FN:161,setGreenCoords
FN:167,getBlackCoords
FN:171,setBlackCoords
FN:175,(anonymous_13)
FN:178,getElements
FN:181,setElements
FN:187,setTileOrder
FN:190,getTileOrder
FN:194,setFlip
FN:197,getFlip
FN:280,genEmptyBoard
FN:337,genNewBoard
FN:372,(anonymous_22)
FN:376,(anonymous_23)
FN:395,drawBoard
FN:570,createGridLayout
FN:662,drawTile
FN:701,drawGrid
FN:717,drawHabs
FN:742,drawBuild
FN:783,(anonymous_30)
FN:792,drawBuildings
FN:804,gridToPixel
FN:811,drawPoly
FN:836,createPoly
FN:856,drawTokens
FN:870,(anonymous_36)
FN:977,inside_circle
FN:983,getSelectedElem
FN:986,setSelectedElem
FN:992,(anonymous_40)
FN:998,(anonymous_41)
FN:1015,removeBuildsFromSelectedElem
FN:1016,(anonymous_43)
FN:1046,btnWhiteStoneClickTest
FN:1054,(anonymous_45)
FN:1066,(anonymous_46)
FN:1070,btnWhiteShackClickTest
FN:1078,(anonymous_48)
FN:1090,(anonymous_49)
FN:1094,btnGreenStoneClickTest
FN:1099,(anonymous_51)
FN:1111,(anonymous_52)
FN:1115,btnGreenShackClickTest
FN:1121,(anonymous_54)
FN:1133,(anonymous_55)
FN:1137,btnBlueStoneClickTest
FN:1143,(anonymous_57)
FN:1155,(anonymous_58)
FN:1159,btnBlueShackClickTest
FN:1165,(anonymous_60)
FN:1177,(anonymous_61)
FN:1181,btnBlackStoneClickTest
FN:1187,(anonymous_63)
FN:1199,(anonymous_64)
FN:1203,btnBlackShackClickTest
FN:1209,(anonymous_66)
FN:1221,(anonymous_67)
FN:1225,btnNoBuildClickTest
FN:1226,(anonymous_69)
FN:1282,(anonymous_70)
FN:1286,btnNewBoardTest
FN:1292,(anonymous_72)
FN:1294,(anonymous_73)
FN:1300,(anonymous_74)
FN:1306,tileOneFlipClickTest
FN:1332,(anonymous_76)
FN:1334,tileTwoFlipClickTest
FN:1360,(anonymous_78)
FN:1362,tileThreeFlipClickTest
FN:1387,(anonymous_80)
FN:1391,tileFourFlipClickTest
FN:1416,(anonymous_82)
FN:1420,tileFiveFlipClickTest
FN:1445,(anonymous_84)
FN:1449,tileSixFlipClickTest
FN:1474,(anonymous_86)
FN:1478,tileOneSelectorClickTest
FN:1536,(anonymous_88)
FN:1542,tileTwoSelectorClickTest
FN:1597,(anonymous_90)
FN:1602,tileThreeSelectorClickTest
FN:1657,(anonymous_92)
FN:1662,tileFourSelectorClickTest
FN:1717,(anonymous_94)
FN:1722,tileFiveSelectorClickTest
FN:1777,(anonymous_96)
FN:1782,tileSixSelectorClickTest
FN:1837,(anonymous_98)
FN:1844,btnP1CubeClickTest
FN:1845,(anonymous_100)
FN:1857,(anonymous_101)
FN:1862,btnP2CubeClickTest
FN:1863,(anonymous_103)
FN:1875,(anonymous_104)
FN:1880,btnP3CubeClickTest
FN:1881,(anonymous_106)
FN:1893,(anonymous_107)
FN:1898,btnP4CubeClickTest
FN:1899,(anonymous_109)
FN:1911,(anonymous_110)
FN:1916,btnP5CubeClickTest
FN:1917,(anonymous_112)
FN:1929,(anonymous_113)
FN:1934,btnP1DiskClickTest
FN:1935,(anonymous_115)
FN:1947,(anonymous_116)
FN:1952,btnP2DiskClickTest
FN:1953,(anonymous_118)
FN:1965,(anonymous_119)
FN:1970,btnP3DiskClickTest
FN:1971,(anonymous_121)
FN:1983,(anonymous_122)
FN:1988,btnP4DiskClickTest
FN:1989,(anonymous_124)
FN:2001,(anonymous_125)
FN:2006,btnP5DiskClickTest
FN:2007,(anonymous_127)
FN:2019,(anonymous_128)
FN:2024,btnNoTokenClickTest
FN:2025,(anonymous_130)
FN:2030,(anonymous_131)
FN:2035,btnNewGameClickTest
FN:2047,(anonymous_133)
FN:2053,(anonymous_134)
FN:2078,(anonymous_135)
FN:2103,(anonymous_136)
FN:2128,(anonymous_137)
FN:2133,(anonymous_138)
FN:2138,(anonymous_139)
FN:2143,(anonymous_140)
FN:2148,(anonymous_141)
FN:2153,(anonymous_142)
FN:2157,(anonymous_143)
FN:2161,(anonymous_144)
FN:2167,(anonymous_145)
FN:2171,(anonymous_146)
FN:2196,(anonymous_147)
FN:2200,(anonymous_148)
FN:2215,(anonymous_149)
FN:2219,(anonymous_150)
FN:2223,(anonymous_151)
FN:2250,recordTurn
FN:2262,(anonymous_153)
FN:2286,(anonymous_154)
FN:2287,(anonymous_155)
FN:2362,(anonymous_156)
FN:2368,countCubesFunc
FN:2373,(anonymous_158)
FN:2380,(anonymous_159)
FN:2387,(anonymous_160)
FN:2394,(anonymous_161)
FN:2401,(anonymous_162)
FN:2411,(anonymous_163)
FN:2723,(anonymous_164)
FN:2728,(anonymous_165)
FN:2745,(anonymous_166)
FN:2762,(anonymous_167)
FN:2779,(anonymous_168)
FN:2803,(anonymous_169)
FN:2822,(anonymous_170)
FN:2841,(anonymous_171)
FN:2865,(anonymous_172)
FN:2882,(anonymous_173)
FN:2899,(anonymous_174)
FN:2916,(anonymous_175)
FN:2940,(anonymous_176)
FN:2960,(anonymous_177)
FN:2979,(anonymous_178)
FN:3119,(anonymous_179)
FN:3188,(anonymous_180)
FN:3195,(anonymous_181)
FN:3202,(anonymous_182)
FN:3209,(anonymous_183)
FN:3216,(anonymous_184)
FN:3225,(anonymous_185)
FN:3227,(anonymous_186)
FN:3251,(anonymous_187)
FN:3276,(anonymous_188)
FN:3278,(anonymous_189)
FN:3302,(anonymous_190)
FN:3330,(anonymous_191)
FN:3380,(anonymous_192)
FN:3395,(anonymous_193)
FN:3453,(anonymous_194)
FN:3455,(anonymous_195)
FN:3515,(anonymous_196)
FN:3517,(anonymous_197)
FNF:198
FNH:88
FNDA:7558,(anonymous_0)
FNDA:37,getColors
FNDA:0,setColors
FNDA:38,getHabs
FNDA:0,setHabs
FNDA:7,getWhiteCoords
FNDA:89,setWhiteCoords
FNDA:3,getBlueCoords
FNDA:60,setBlueCoords
FNDA:6,getGreenCoords
FNDA:63,setGreenCoords
FNDA:3,getBlackCoords
FNDA:60,setBlackCoords
FNDA:0,(anonymous_13)
FNDA:96,getElements
FNDA:20,setElements
FNDA:26,setTileOrder
FNDA:104,getTileOrder
FNDA:29,setFlip
FNDA:104,getFlip
FNDA:33,genEmptyBoard
FNDA:0,genNewBoard
FNDA:0,(anonymous_22)
FNDA:0,(anonymous_23)
FNDA:37,drawBoard
FNDA:105,createGridLayout
FNDA:614,drawTile
FNDA:101,drawGrid
FNDA:99,drawHabs
FNDA:1024,drawBuild
FNDA:2472,(anonymous_30)
FNDA:508,drawBuildings
FNDA:13073,gridToPixel
FNDA:12943,drawPoly
FNDA:1025,createPoly
FNDA:83,drawTokens
FNDA:17928,(anonymous_36)
FNDA:0,inside_circle
FNDA:58,getSelectedElem
FNDA:58,setSelectedElem
FNDA:0,(anonymous_40)
FNDA:0,(anonymous_41)
FNDA:28,removeBuildsFromSelectedElem
FNDA:658,(anonymous_43)
FNDA:4,btnWhiteStoneClickTest
FNDA:94,(anonymous_45)
FNDA:0,(anonymous_46)
FNDA:4,btnWhiteShackClickTest
FNDA:94,(anonymous_48)
FNDA:0,(anonymous_49)
FNDA:4,btnGreenStoneClickTest
FNDA:94,(anonymous_51)
FNDA:0,(anonymous_52)
FNDA:4,btnGreenShackClickTest
FNDA:94,(anonymous_54)
FNDA:0,(anonymous_55)
FNDA:4,btnBlueStoneClickTest
FNDA:94,(anonymous_57)
FNDA:0,(anonymous_58)
FNDA:4,btnBlueShackClickTest
FNDA:94,(anonymous_60)
FNDA:0,(anonymous_61)
FNDA:4,btnBlackStoneClickTest
FNDA:94,(anonymous_63)
FNDA:0,(anonymous_64)
FNDA:4,btnBlackShackClickTest
FNDA:94,(anonymous_66)
FNDA:0,(anonymous_67)
FNDA:18,btnNoBuildClickTest
FNDA:18,(anonymous_69)
FNDA:0,(anonymous_70)
FNDA:0,btnNewBoardTest
FNDA:0,(anonymous_72)
FNDA:0,(anonymous_73)
FNDA:0,(anonymous_74)
FNDA:3,tileOneFlipClickTest
FNDA:0,(anonymous_76)
FNDA:3,tileTwoFlipClickTest
FNDA:0,(anonymous_78)
FNDA:3,tileThreeFlipClickTest
FNDA:0,(anonymous_80)
FNDA:3,tileFourFlipClickTest
FNDA:0,(anonymous_82)
FNDA:3,tileFiveFlipClickTest
FNDA:0,(anonymous_84)
FNDA:3,tileSixFlipClickTest
FNDA:0,(anonymous_86)
FNDA:5,tileOneSelectorClickTest
FNDA:0,(anonymous_88)
FNDA:5,tileTwoSelectorClickTest
FNDA:0,(anonymous_90)
FNDA:5,tileThreeSelectorClickTest
FNDA:0,(anonymous_92)
FNDA:5,tileFourSelectorClickTest
FNDA:0,(anonymous_94)
FNDA:5,tileFiveSelectorClickTest
FNDA:0,(anonymous_96)
FNDA:5,tileSixSelectorClickTest
FNDA:0,(anonymous_98)
FNDA:9,btnP1CubeClickTest
FNDA:9,(anonymous_100)
FNDA:0,(anonymous_101)
FNDA:9,btnP2CubeClickTest
FNDA:9,(anonymous_103)
FNDA:0,(anonymous_104)
FNDA:9,btnP3CubeClickTest
FNDA:9,(anonymous_106)
FNDA:0,(anonymous_107)
FNDA:9,btnP4CubeClickTest
FNDA:9,(anonymous_109)
FNDA:0,(anonymous_110)
FNDA:9,btnP5CubeClickTest
FNDA:9,(anonymous_112)
FNDA:0,(anonymous_113)
FNDA:7,btnP1DiskClickTest
FNDA:7,(anonymous_115)
FNDA:0,(anonymous_116)
FNDA:7,btnP2DiskClickTest
FNDA:7,(anonymous_118)
FNDA:0,(anonymous_119)
FNDA:7,btnP3DiskClickTest
FNDA:7,(anonymous_121)
FNDA:0,(anonymous_122)
FNDA:7,btnP4DiskClickTest
FNDA:7,(anonymous_124)
FNDA:0,(anonymous_125)
FNDA:7,btnP5DiskClickTest
FNDA:7,(anonymous_127)
FNDA:0,(anonymous_128)
FNDA:3,btnNoTokenClickTest
FNDA:3,(anonymous_130)
FNDA:0,(anonymous_131)
FNDA:2,btnNewGameClickTest
FNDA:0,(anonymous_133)
FNDA:0,(anonymous_134)
FNDA:0,(anonymous_135)
FNDA:0,(anonymous_136)
FNDA:0,(anonymous_137)
FNDA:0,(anonymous_138)
FNDA:0,(anonymous_139)
FNDA:0,(anonymous_140)
FNDA:0,(anonymous_141)
FNDA:0,(anonymous_142)
FNDA:0,(anonymous_143)
FNDA:0,(anonymous_144)
FNDA:0,(anonymous_145)
FNDA:0,(anonymous_146)
FNDA:0,(anonymous_147)
FNDA:0,(anonymous_148)
FNDA:0,(anonymous_149)
FNDA:0,(anonymous_150)
FNDA:0,(anonymous_151)
FNDA:0,recordTurn
FNDA:0,(anonymous_153)
FNDA:0,(anonymous_154)
FNDA:0,(anonymous_155)
FNDA:0,(anonymous_156)
FNDA:0,countCubesFunc
FNDA:0,(anonymous_158)
FNDA:0,(anonymous_159)
FNDA:0,(anonymous_160)
FNDA:0,(anonymous_161)
FNDA:0,(anonymous_162)
FNDA:0,(anonymous_163)
FNDA:0,(anonymous_164)
FNDA:0,(anonymous_165)
FNDA:0,(anonymous_166)
FNDA:0,(anonymous_167)
FNDA:0,(anonymous_168)
FNDA:0,(anonymous_169)
FNDA:0,(anonymous_170)
FNDA:0,(anonymous_171)
FNDA:0,(anonymous_172)
FNDA:0,(anonymous_173)
FNDA:0,(anonymous_174)
FNDA:0,(anonymous_175)
FNDA:0,(anonymous_176)
FNDA:0,(anonymous_177)
FNDA:0,(anonymous_178)
FNDA:0,(anonymous_179)
FNDA:0,(anonymous_180)
FNDA:0,(anonymous_181)
FNDA:0,(anonymous_182)
FNDA:0,(anonymous_183)
FNDA:0,(anonymous_184)
FNDA:0,(anonymous_185)
FNDA:0,(anonymous_186)
FNDA:0,(anonymous_187)
FNDA:0,(anonymous_188)
FNDA:0,(anonymous_189)
FNDA:0,(anonymous_190)
FNDA:0,(anonymous_191)
FNDA:0,(anonymous_192)
FNDA:0,(anonymous_193)
FNDA:0,(anonymous_194)
FNDA:0,(anonymous_195)
FNDA:0,(anonymous_196)
FNDA:0,(anonymous_197)
DA:3,1
DA:4,1
DA:5,1
DA:6,1
DA:7,1
DA:8,1
DA:10,1
DA:11,1
DA:12,1
DA:13,1
DA:14,1
DA:15,1
DA:17,1
DA:18,1
DA:19,1
DA:20,1
DA:21,7558
DA:22,1
DA:23,1
DA:24,1
DA:25,1
DA:26,1
DA:27,1
DA:28,1
DA:29,1
DA:30,1
DA:31,1
DA:32,1
DA:33,1
DA:34,1
DA:35,1
DA:36,1
DA:37,1
DA:38,1
DA:39,1
DA:40,1
DA:41,1
DA:42,1
DA:43,1
DA:44,1
DA:45,1
DA:46,1
DA:47,1
DA:48,1
DA:49,1
DA:50,1
DA:51,1
DA:52,1
DA:53,1
DA:54,1
DA:55,1
DA:56,1
DA:57,1
DA:58,1
DA:59,1
DA:60,1
DA:61,1
DA:62,1
DA:63,1
DA:64,1
DA:65,1
DA:66,1
DA:67,1
DA:69,37
DA:72,0
DA:74,1
DA:75,1
DA:76,1
DA:77,1
DA:79,38
DA:82,0
DA:84,1
DA:85,1
DA:86,1
DA:88,1
DA:89,1
DA:90,1
DA:91,1
DA:92,1
DA:93,1
DA:94,1
DA:96,1
DA:97,1
DA:98,1
DA:99,1
DA:101,1
DA:102,1
DA:103,1
DA:104,1
DA:106,1
DA:107,1
DA:108,1
DA:109,1
DA:111,1
DA:112,1
DA:113,1
DA:114,1
DA:116,1
DA:117,1
DA:118,1
DA:119,1
DA:120,1
DA:121,1
DA:122,1
DA:123,1
DA:124,1
DA:125,1
DA:126,1
DA:127,1
DA:128,1
DA:129,1
DA:130,1
DA:133,1
DA:134,1
DA:135,1
DA:136,1
DA:138,7
DA:140,1
DA:142,89
DA:144,1
DA:145,1
DA:146,1
DA:148,3
DA:150,1
DA:152,60
DA:154,1
DA:155,1
DA:156,1
DA:158,6
DA:160,1
DA:162,63
DA:164,1
DA:165,1
DA:166,1
DA:168,3
DA:170,1
DA:172,60
DA:174,1
DA:175,1
DA:176,1
DA:177,1
DA:179,96
DA:182,20
DA:184,1
DA:185,1
DA:186,1
DA:188,26
DA:191,104
DA:193,1
DA:195,29
DA:198,104
DA:200,1
DA:201,1
DA:202,1
DA:203,1
DA:205,1
DA:206,1
DA:207,1
DA:208,1
DA:209,1
DA:210,1
DA:211,1
DA:213,1
DA:214,1
DA:215,1
DA:216,1
DA:275,1
DA:276,1
DA:277,1
DA:278,1
DA:281,33
DA:282,33
DA:283,33
DA:284,33
DA:285,33
DA:286,33
DA:287,33
DA:288,33
DA:289,33
DA:290,33
DA:291,33
DA:292,33
DA:293,33
DA:294,33
DA:295,33
DA:296,33
DA:297,33
DA:298,33
DA:299,33
DA:300,33
DA:301,33
DA:302,33
DA:303,33
DA:304,33
DA:305,33
DA:306,33
DA:307,33
DA:308,33
DA:309,33
DA:310,33
DA:311,33
DA:313,33
DA:314,33
DA:316,33
DA:317,33
DA:319,33
DA:320,33
DA:321,33
DA:322,33
DA:323,33
DA:324,33
DA:325,33
DA:326,33
DA:327,33
DA:331,33
DA:332,33
DA:333,33
DA:338,0
DA:339,0
DA:340,0
DA:341,0
DA:343,0
DA:344,0
DA:346,0
DA:347,0
DA:349,0
DA:350,0
DA:351,0
DA:352,0
DA:353,0
DA:354,0
DA:355,0
DA:356,0
DA:357,0
DA:358,0
DA:359,0
DA:360,0
DA:361,0
DA:364,0
DA:366,0
DA:367,0
DA:368,0
DA:371,0
DA:373,0
DA:374,0
DA:377,0
DA:378,0
DA:379,0
DA:380,0
DA:381,0
DA:382,0
DA:384,0
DA:388,1
DA:389,1
DA:396,37
DA:397,37
DA:398,37
DA:399,1
DA:402,37
DA:403,37
DA:404,222
DA:405,222
DA:406,8
DA:407,8
DA:410,214
DA:412,222
DA:415,37
DA:418,37
DA:419,1
DA:422,36
DA:424,37
DA:427,37
DA:430,37
DA:431,2
DA:434,35
DA:436,37
DA:439,37
DA:442,37
DA:443,1
DA:446,36
DA:448,37
DA:451,37
DA:454,37
DA:455,2
DA:458,35
DA:460,37
DA:463,37
DA:466,37
DA:467,1
DA:470,36
DA:472,37
DA:475,37
DA:478,37
DA:479,1
DA:482,36
DA:484,37
DA:488,37
DA:489,37
DA:490,37
DA:491,37
DA:492,37
DA:494,37
DA:495,37
DA:496,37
DA:498,37
DA:499,37
DA:500,37
DA:502,37
DA:503,37
DA:504,37
DA:505,1
DA:507,1
DA:508,1
DA:509,1
DA:511,1
DA:512,1
DA:513,1
DA:515,1
DA:516,1
DA:517,1
DA:519,1
DA:520,1
DA:521,1
DA:523,1
DA:524,1
DA:527,36
DA:529,36
DA:530,36
DA:531,36
DA:533,36
DA:534,36
DA:535,36
DA:537,36
DA:538,36
DA:540,37
DA:541,37
DA:554,37
DA:555,37
DA:557,37
DA:558,37
DA:559,37
DA:560,37
DA:561,1
DA:563,37
DA:564,37
DA:566,1
DA:567,1
DA:571,105
DA:572,105
DA:573,105
DA:574,630
DA:575,630
DA:576,630
DA:578,105
DA:579,8
DA:580,8
DA:581,8
DA:582,8
DA:583,8
DA:584,8
DA:585,8
DA:588,97
DA:589,97
DA:591,105
DA:593,105
DA:594,7
DA:595,7
DA:596,7
DA:597,7
DA:600,98
DA:601,98
DA:603,105
DA:605,105
DA:606,7
DA:607,7
DA:608,7
DA:609,7
DA:612,98
DA:613,98
DA:615,105
DA:617,105
DA:618,6
DA:619,6
DA:620,6
DA:621,6
DA:624,99
DA:625,99
DA:627,105
DA:629,105
DA:630,8
DA:631,8
DA:632,8
DA:633,8
DA:636,97
DA:637,97
DA:639,105
DA:641,105
DA:642,8
DA:643,8
DA:644,8
DA:645,8
DA:648,97
DA:649,97
DA:651,105
DA:658,1
DA:659,1
DA:663,614
DA:665,614
DA:667,614
DA:668,614
DA:669,1842
DA:670,11052
DA:671,11052
DA:672,11052
DA:673,11052
DA:674,11052
DA:676,11052
DA:677,11052
DA:679,11052
DA:688,11052
DA:690,11052
DA:697,614
DA:699,1
DA:704,101
DA:705,101
DA:706,606
DA:709,606
DA:712,606
DA:715,1
DA:718,99
DA:719,99
DA:722,99
DA:723,10692
DA:724,10692
DA:725,10692
DA:726,10692
DA:728,792
DA:729,792
DA:730,792
DA:732,9900
DA:733,792
DA:734,792
DA:735,792
DA:739,1
DA:743,1024
DA:744,69
DA:745,69
DA:747,69
DA:748,69
DA:749,69
DA:751,69
DA:752,19
DA:753,11
DA:756,8
DA:759,50
DA:760,17
DA:761,9
DA:764,8
DA:767,33
DA:768,18
DA:769,9
DA:772,9
DA:776,15
DA:777,7
DA:780,8
DA:783,2472
DA:784,69
DA:785,69
DA:786,69
DA:790,1
DA:794,508
DA:795,508
DA:796,508
DA:802,1
DA:805,13073
DA:806,13073
DA:807,13073
DA:809,1
DA:813,12943
DA:814,12638
DA:816,305
DA:817,69
DA:820,236
DA:822,12943
DA:823,12943
DA:824,12943
DA:825,12943
DA:826,77906
DA:827,77906
DA:829,12943
DA:830,12943
DA:831,12943
DA:833,1
DA:837,1025
DA:838,1025
DA:839,1025
DA:840,37
DA:842,988
DA:843,110
DA:845,1025
DA:847,6399
DA:848,6399
DA:851,1025
DA:853,1
DA:857,83
DA:858,83
DA:861,83
DA:862,0
DA:863,0
DA:864,0
DA:865,0
DA:866,0
DA:867,0
DA:868,0
DA:870,83
DA:871,17928
DA:873,17928
DA:874,254
DA:875,254
DA:877,30
DA:878,30
DA:879,30
DA:880,30
DA:881,30
DA:882,30
DA:883,30
DA:885,38
DA:886,38
DA:888,38
DA:889,38
DA:890,38
DA:891,38
DA:892,38
DA:894,26
DA:895,26
DA:897,26
DA:898,26
DA:899,26
DA:900,26
DA:901,26
DA:903,31
DA:904,31
DA:906,31
DA:907,31
DA:908,31
DA:909,31
DA:910,31
DA:912,22
DA:913,22
DA:915,22
DA:916,22
DA:917,22
DA:918,22
DA:919,22
DA:921,25
DA:922,25
DA:924,25
DA:925,25
DA:926,25
DA:927,25
DA:928,25
DA:930,18
DA:931,18
DA:933,18
DA:934,18
DA:935,18
DA:936,18
DA:937,18
DA:939,19
DA:940,19
DA:942,19
DA:943,19
DA:944,19
DA:945,19
DA:946,19
DA:948,13
DA:949,13
DA:951,13
DA:952,13
DA:953,13
DA:954,13
DA:955,13
DA:957,14
DA:958,14
DA:960,14
DA:961,14
DA:962,14
DA:963,14
DA:964,14
DA:969,1
DA:970,1
DA:971,1
DA:972,1
DA:973,1
DA:978,0
DA:979,0
DA:980,0
DA:984,58
DA:987,58
DA:989,1
DA:990,1
DA:992,1
DA:993,0
DA:994,0
DA:995,0
DA:996,0
DA:998,0
DA:999,0
DA:1001,0
DA:1002,0
DA:1003,0
DA:1004,0
DA:1007,0
DA:1016,658
DA:1018,28
DA:1020,0
DA:1021,0
DA:1023,1
DA:1024,1
DA:1026,0
DA:1027,0
DA:1029,1
DA:1030,1
DA:1032,1
DA:1033,1
DA:1035,1
DA:1036,1
DA:1038,1
DA:1039,1
DA:1041,0
DA:1042,0
DA:1048,4
DA:1049,4
DA:1050,432
DA:1052,4
DA:1053,4
DA:1054,94
DA:1055,4
DA:1056,4
DA:1058,4
DA:1059,4
DA:1060,4
DA:1061,4
DA:1063,4
DA:1065,1
DA:1066,1
DA:1067,0
DA:1071,4
DA:1072,4
DA:1073,432
DA:1075,4
DA:1076,4
DA:1077,4
DA:1078,94
DA:1079,4
DA:1080,4
DA:1082,4
DA:1083,4
DA:1084,4
DA:1085,4
DA:1087,4
DA:1089,1
DA:1090,1
DA:1091,0
DA:1095,4
DA:1096,432
DA:1098,4
DA:1099,94
DA:1100,4
DA:1101,4
DA:1103,4
DA:1104,4
DA:1105,4
DA:1106,4
DA:1108,4
DA:1110,1
DA:1111,1
DA:1112,0
DA:1116,4
DA:1117,4
DA:1118,432
DA:1120,4
DA:1121,94
DA:1122,4
DA:1123,4
DA:1125,4
DA:1126,4
DA:1127,4
DA:1128,4
DA:1130,4
DA:1132,1
DA:1133,1
DA:1134,0
DA:1138,4
DA:1139,4
DA:1140,432
DA:1142,4
DA:1143,94
DA:1144,4
DA:1145,4
DA:1147,4
DA:1148,4
DA:1149,4
DA:1150,4
DA:1152,4
DA:1154,1
DA:1155,1
DA:1156,0
DA:1160,4
DA:1161,4
DA:1162,432
DA:1164,4
DA:1165,94
DA:1166,4
DA:1167,4
DA:1169,4
DA:1170,4
DA:1171,4
DA:1172,4
DA:1174,4
DA:1176,1
DA:1177,1
DA:1178,0
DA:1182,4
DA:1183,4
DA:1184,432
DA:1186,4
DA:1187,94
DA:1188,4
DA:1189,4
DA:1191,4
DA:1192,4
DA:1193,4
DA:1194,4
DA:1196,4
DA:1198,1
DA:1199,1
DA:1200,0
DA:1204,4
DA:1205,4
DA:1206,432
DA:1208,4
DA:1209,94
DA:1210,4
DA:1211,4
DA:1213,4
DA:1214,4
DA:1215,4
DA:1216,4
DA:1218,4
DA:1220,1
DA:1221,1
DA:1222,0
DA:1226,18
DA:1227,18
DA:1228,18
DA:1230,2
DA:1231,2
DA:1233,2
DA:1234,2
DA:1236,2
DA:1237,2
DA:1239,2
DA:1240,2
DA:1242,2
DA:1243,2
DA:1245,2
DA:1246,2
DA:1248,2
DA:1249,2
DA:1251,2
DA:1252,2
DA:1253,2
DA:1255,18
DA:1256,18
DA:1258,1944
DA:1259,3
DA:1260,3
DA:1261,3
DA:1263,1944
DA:1264,1944
DA:1265,234
DA:1268,18
DA:1271,18
DA:1272,18
DA:1274,18
DA:1275,18
DA:1276,18
DA:1277,18
DA:1279,18
DA:1281,1
DA:1282,1
DA:1283,0
DA:1287,0
DA:1288,0
DA:1289,0
DA:1291,1
DA:1292,1
DA:1294,1
DA:1295,0
DA:1296,0
DA:1297,0
DA:1300,1
DA:1301,0
DA:1302,0
DA:1303,0
DA:1308,3
DA:1309,3
DA:1310,2
DA:1313,1
DA:1315,3
DA:1316,3
DA:1318,3
DA:1319,3
DA:1320,3
DA:1321,3
DA:1322,3
DA:1323,3
DA:1324,3
DA:1326,3
DA:1327,3
DA:1328,3
DA:1329,3
DA:1331,1
DA:1332,1
DA:1336,3
DA:1337,3
DA:1338,2
DA:1341,1
DA:1343,3
DA:1344,3
DA:1346,3
DA:1347,3
DA:1348,3
DA:1349,3
DA:1350,3
DA:1351,3
DA:1352,3
DA:1354,3
DA:1355,3
DA:1356,3
DA:1357,3
DA:1359,1
DA:1360,1
DA:1363,3
DA:1364,3
DA:1365,2
DA:1368,1
DA:1370,3
DA:1371,3
DA:1373,3
DA:1374,3
DA:1375,3
DA:1376,3
DA:1377,3
DA:1378,3
DA:1379,3
DA:1381,3
DA:1382,3
DA:1383,3
DA:1384,3
DA:1386,1
DA:1387,1
DA:1388,0
DA:1392,3
DA:1393,3
DA:1394,2
DA:1397,1
DA:1399,3
DA:1400,3
DA:1402,3
DA:1403,3
DA:1404,3
DA:1405,3
DA:1406,3
DA:1407,3
DA:1408,3
DA:1410,3
DA:1411,3
DA:1412,3
DA:1413,3
DA:1415,1
DA:1416,1
DA:1417,0
DA:1421,3
DA:1422,3
DA:1423,2
DA:1426,1
DA:1428,3
DA:1429,3
DA:1431,3
DA:1432,3
DA:1433,3
DA:1434,3
DA:1435,3
DA:1436,3
DA:1437,3
DA:1439,3
DA:1440,3
DA:1441,3
DA:1442,3
DA:1444,1
DA:1445,1
DA:1446,0
DA:1450,3
DA:1451,3
DA:1452,2
DA:1455,1
DA:1457,3
DA:1458,3
DA:1460,3
DA:1461,3
DA:1462,3
DA:1463,3
DA:1464,3
DA:1465,3
DA:1466,3
DA:1468,3
DA:1469,3
DA:1470,3
DA:1471,3
DA:1473,1
DA:1474,1
DA:1475,0
DA:1479,5
DA:1480,5
DA:1481,5
DA:1482,5
DA:1483,5
DA:1484,5
DA:1486,5
DA:1487,5
DA:1488,5
DA:1489,5
DA:1490,20
DA:1491,5
DA:1492,5
DA:1494,0
DA:1495,0
DA:1497,1
DA:1498,1
DA:1500,1
DA:1501,1
DA:1503,1
DA:1504,1
DA:1506,1
DA:1507,1
DA:1509,1
DA:1510,1
DA:1514,5
DA:1517,5
DA:1518,5
DA:1519,5
DA:1521,5
DA:1522,5
DA:1523,5
DA:1524,5
DA:1525,5
DA:1526,5
DA:1527,5
DA:1529,5
DA:1530,5
DA:1531,5
DA:1532,5
DA:1535,1
DA:1536,1
DA:1537,0
DA:1543,5
DA:1544,5
DA:1545,5
DA:1546,5
DA:1547,5
DA:1548,5
DA:1549,5
DA:1550,5
DA:1551,5
DA:1552,5
DA:1553,19
DA:1554,5
DA:1555,5
DA:1557,1
DA:1558,1
DA:1560,0
DA:1561,0
DA:1563,1
DA:1564,1
DA:1566,1
DA:1567,1
DA:1569,1
DA:1570,1
DA:1572,1
DA:1573,1
DA:1576,5
DA:1579,5
DA:1580,5
DA:1581,5
DA:1583,5
DA:1584,5
DA:1585,5
DA:1586,5
DA:1587,5
DA:1588,5
DA:1589,5
DA:1591,5
DA:1592,5
DA:1593,5
DA:1594,5
DA:1597,1
DA:1598,0
DA:1600,1
DA:1603,5
DA:1604,5
DA:1605,5
DA:1606,5
DA:1607,5
DA:1608,5
DA:1609,5
DA:1610,5
DA:1611,5
DA:1612,5
DA:1613,18
DA:1614,5
DA:1615,5
DA:1617,1
DA:1618,1
DA:1620,1
DA:1621,1
DA:1623,0
DA:1624,0
DA:1626,1
DA:1627,1
DA:1629,1
DA:1630,1
DA:1632,1
DA:1633,1
DA:1636,5
DA:1639,5
DA:1640,5
DA:1641,5
DA:1643,5
DA:1644,5
DA:1645,5
DA:1646,5
DA:1647,5
DA:1648,5
DA:1649,5
DA:1651,5
DA:1652,5
DA:1653,5
DA:1654,5
DA:1657,1
DA:1658,0
DA:1660,1
DA:1663,5
DA:1664,5
DA:1665,5
DA:1666,5
DA:1667,5
DA:1668,5
DA:1669,5
DA:1670,5
DA:1671,5
DA:1672,5
DA:1673,17
DA:1674,5
DA:1675,5
DA:1677,1
DA:1678,1
DA:1680,1
DA:1681,1
DA:1683,1
DA:1684,1
DA:1686,0
DA:1687,0
DA:1689,1
DA:1690,1
DA:1692,1
DA:1693,1
DA:1696,5
DA:1699,5
DA:1700,5
DA:1701,5
DA:1703,5
DA:1704,5
DA:1705,5
DA:1706,5
DA:1707,5
DA:1708,5
DA:1709,5
DA:1711,5
DA:1712,5
DA:1713,5
DA:1714,5
DA:1717,1
DA:1718,0
DA:1720,1
DA:1723,5
DA:1724,5
DA:1725,5
DA:1726,5
DA:1727,5
DA:1728,5
DA:1729,5
DA:1730,5
DA:1731,5
DA:1732,5
DA:1733,16
DA:1734,5
DA:1735,5
DA:1737,1
DA:1738,1
DA:1740,1
DA:1741,1
DA:1743,1
DA:1744,1
DA:1746,1
DA:1747,1
DA:1749,0
DA:1750,0
DA:1752,1
DA:1753,1
DA:1756,5
DA:1759,5
DA:1760,5
DA:1761,5
DA:1763,5
DA:1764,5
DA:1765,5
DA:1766,5
DA:1767,5
DA:1768,5
DA:1769,5
DA:1771,5
DA:1772,5
DA:1773,5
DA:1774,5
DA:1777,1
DA:1778,0
DA:1780,1
DA:1783,5
DA:1784,5
DA:1785,5
DA:1786,5
DA:1787,5
DA:1788,5
DA:1789,5
DA:1790,5
DA:1791,5
DA:1792,5
DA:1793,15
DA:1794,5
DA:1795,5
DA:1797,1
DA:1798,1
DA:1800,1
DA:1801,1
DA:1803,1
DA:1804,1
DA:1806,1
DA:1807,1
DA:1809,1
DA:1810,1
DA:1812,0
DA:1813,0
DA:1816,5
DA:1819,5
DA:1820,5
DA:1821,5
DA:1823,5
DA:1824,5
DA:1825,5
DA:1826,5
DA:1827,5
DA:1828,5
DA:1829,5
DA:1831,5
DA:1832,5
DA:1833,5
DA:1834,5
DA:1837,1
DA:1838,0
DA:1840,1
DA:1845,9
DA:1846,9
DA:1847,6
DA:1848,2
DA:1849,2
DA:1852,9
DA:1853,9
DA:1854,9
DA:1855,9
DA:1857,1
DA:1858,0
DA:1860,1
DA:1863,9
DA:1864,9
DA:1865,13
DA:1866,3
DA:1867,3
DA:1870,9
DA:1871,9
DA:1872,9
DA:1873,9
DA:1875,1
DA:1876,0
DA:1878,1
DA:1881,9
DA:1882,9
DA:1883,19
DA:1884,3
DA:1885,3
DA:1888,9
DA:1889,9
DA:1890,9
DA:1891,9
DA:1893,1
DA:1894,0
DA:1896,1
DA:1899,9
DA:1900,9
DA:1901,25
DA:1902,3
DA:1903,3
DA:1906,9
DA:1907,9
DA:1908,9
DA:1909,9
DA:1911,1
DA:1912,0
DA:1914,1
DA:1917,9
DA:1918,9
DA:1919,31
DA:1920,3
DA:1921,3
DA:1924,9
DA:1925,9
DA:1926,9
DA:1927,9
DA:1929,1
DA:1930,0
DA:1932,1
DA:1935,7
DA:1936,7
DA:1937,0
DA:1938,0
DA:1939,0
DA:1942,7
DA:1943,7
DA:1944,7
DA:1945,7
DA:1947,1
DA:1948,0
DA:1950,1
DA:1953,7
DA:1954,7
DA:1955,6
DA:1956,0
DA:1957,0
DA:1960,7
DA:1961,7
DA:1962,7
DA:1963,7
DA:1965,1
DA:1966,0
DA:1968,1
DA:1971,7
DA:1972,7
DA:1973,12
DA:1974,0
DA:1975,0
DA:1978,7
DA:1979,7
DA:1980,7
DA:1981,7
DA:1983,1
DA:1984,0
DA:1986,1
DA:1989,7
DA:1990,7
DA:1991,18
DA:1992,0
DA:1993,0
DA:1996,7
DA:1997,7
DA:1998,7
DA:1999,7
DA:2001,1
DA:2002,0
DA:2004,1
DA:2007,7
DA:2008,7
DA:2009,24
DA:2010,0
DA:2011,0
DA:2014,7
DA:2015,7
DA:2016,7
DA:2017,7
DA:2019,1
DA:2020,0
DA:2022,1
DA:2025,3
DA:2026,3
DA:2027,3
DA:2028,3
DA:2030,1
DA:2031,0
DA:2033,1
DA:2036,2
DA:2037,0
DA:2040,2
DA:2042,2
DA:2043,2
DA:2044,2
DA:2045,2
DA:2047,1
DA:2048,0
DA:2051,1
DA:2053,1
DA:2054,0
DA:2055,0
DA:2056,0
DA:2057,0
DA:2058,0
DA:2059,0
DA:2060,0
DA:2061,0
DA:2062,0
DA:2063,0
DA:2064,0
DA:2065,0
DA:2066,0
DA:2067,0
DA:2070,0
DA:2071,0
DA:2072,0
DA:2073,0
DA:2074,0
DA:2075,0
DA:2078,1
DA:2079,0
DA:2080,0
DA:2081,0
DA:2082,0
DA:2083,0
DA:2084,0
DA:2085,0
DA:2086,0
DA:2087,0
DA:2088,0
DA:2089,0
DA:2090,0
DA:2091,0
DA:2092,0
DA:2093,0
DA:2095,0
DA:2096,0
DA:2098,0
DA:2100,0
DA:2103,1
DA:2104,0
DA:2105,0
DA:2106,0
DA:2107,0
DA:2108,0
DA:2109,0
DA:2110,0
DA:2111,0
DA:2112,0
DA:2113,0
DA:2114,0
DA:2115,0
DA:2116,0
DA:2117,0
DA:2118,0
DA:2119,0
DA:2120,0
DA:2121,0
DA:2123,0
DA:2125,0
DA:2128,1
DA:2129,0
DA:2130,0
DA:2133,1
DA:2134,0
DA:2135,0
DA:2138,1
DA:2139,0
DA:2140,0
DA:2143,1
DA:2144,0
DA:2145,0
DA:2148,1
DA:2149,0
DA:2150,0
DA:2153,1
DA:2154,0
DA:2157,1
DA:2158,0
DA:2161,1
DA:2162,0
DA:2163,0
DA:2167,1
DA:2168,0
DA:2171,1
DA:2172,0
DA:2173,0
DA:2174,0
DA:2175,0
DA:2176,0
DA:2178,0
DA:2179,0
DA:2181,0
DA:2182,0
DA:2183,0
DA:2184,0
DA:2185,0
DA:2186,0
DA:2187,0
DA:2188,0
DA:2189,0
DA:2190,0
DA:2191,0
DA:2192,0
DA:2193,0
DA:2196,1
DA:2197,0
DA:2198,0
DA:2200,0
DA:2201,0
DA:2203,0
DA:2204,0
DA:2205,0
DA:2206,0
DA:2207,0
DA:2208,0
DA:2209,0
DA:2210,0
DA:2211,0
DA:2212,0
DA:2215,1
DA:2216,0
DA:2219,1
DA:2220,0
DA:2223,1
DA:2224,0
DA:2225,0
DA:2226,0
DA:2227,0
DA:2228,0
DA:2229,0
DA:2231,0
DA:2232,0
DA:2234,0
DA:2235,0
DA:2236,0
DA:2237,0
DA:2243,1
DA:2244,1
DA:2245,1
DA:2246,1
DA:2247,1
DA:2251,0
DA:2259,0
DA:2262,1
DA:2263,0
DA:2273,0
DA:2274,0
DA:2275,0
DA:2276,0
DA:2277,0
DA:2278,0
DA:2279,0
DA:2280,0
DA:2281,0
DA:2282,0
DA:2283,0
DA:2284,0
DA:2286,1
DA:2287,0
DA:2289,0
DA:2291,0
DA:2292,0
DA:2293,0
DA:2294,0
DA:2297,0
DA:2298,0
DA:2299,0
DA:2300,0
DA:2303,0
DA:2305,0
DA:2306,0
DA:2307,0
DA:2308,0
DA:2311,0
DA:2312,0
DA:2313,0
DA:2314,0
DA:2317,0
DA:2319,0
DA:2320,0
DA:2321,0
DA:2322,0
DA:2325,0
DA:2326,0
DA:2327,0
DA:2328,0
DA:2331,0
DA:2333,0
DA:2334,0
DA:2335,0
DA:2336,0
DA:2339,0
DA:2340,0
DA:2341,0
DA:2342,0
DA:2345,0
DA:2347,0
DA:2348,0
DA:2349,0
DA:2350,0
DA:2353,0
DA:2354,0
DA:2355,0
DA:2356,0
DA:2359,0
DA:2362,0
DA:2363,0
DA:2364,0
DA:2365,0
DA:2367,1
DA:2369,0
DA:2371,0
DA:2373,0
DA:2374,0
DA:2375,0
DA:2378,0
DA:2380,0
DA:2381,0
DA:2382,0
DA:2385,0
DA:2387,0
DA:2388,0
DA:2389,0
DA:2392,0
DA:2394,0
DA:2395,0
DA:2396,0
DA:2399,0
DA:2401,0
DA:2402,0
DA:2403,0
DA:2406,0
DA:2408,0
DA:2411,1
DA:2412,0
DA:2413,0
DA:2416,0
DA:2417,0
DA:2419,0
DA:2420,0
DA:2421,0
DA:2422,0
DA:2423,0
DA:2424,0
DA:2425,0
DA:2426,0
DA:2427,0
DA:2428,0
DA:2429,0
DA:2431,0
DA:2433,0
DA:2434,0
DA:2435,0
DA:2436,0
DA:2437,0
DA:2438,0
DA:2439,0
DA:2440,0
DA:2441,0
DA:2442,0
DA:2443,0
DA:2445,0
DA:2447,0
DA:2448,0
DA:2449,0
DA:2450,0
DA:2451,0
DA:2452,0
DA:2453,0
DA:2454,0
DA:2455,0
DA:2456,0
DA:2457,0
DA:2459,0
DA:2461,0
DA:2462,0
DA:2463,0
DA:2464,0
DA:2465,0
DA:2466,0
DA:2467,0
DA:2468,0
DA:2469,0
DA:2470,0
DA:2471,0
DA:2473,0
DA:2475,0
DA:2476,0
DA:2477,0
DA:2478,0
DA:2479,0
DA:2480,0
DA:2481,0
DA:2482,0
DA:2483,0
DA:2484,0
DA:2485,0
DA:2487,0
DA:2490,0
DA:2491,0
DA:2493,0
DA:2494,0
DA:2495,0
DA:2496,0
DA:2497,0
DA:2498,0
DA:2499,0
DA:2500,0
DA:2501,0
DA:2502,0
DA:2503,0
DA:2505,0
DA:2507,0
DA:2508,0
DA:2509,0
DA:2510,0
DA:2511,0
DA:2512,0
DA:2513,0
DA:2514,0
DA:2515,0
DA:2516,0
DA:2517,0
DA:2519,0
DA:2521,0
DA:2522,0
DA:2523,0
DA:2524,0
DA:2525,0
DA:2526,0
DA:2527,0
DA:2528,0
DA:2529,0
DA:2530,0
DA:2531,0
DA:2533,0
DA:2535,0
DA:2536,0
DA:2537,0
DA:2538,0
DA:2539,0
DA:2540,0
DA:2541,0
DA:2542,0
DA:2543,0
DA:2544,0
DA:2545,0
DA:2547,0
DA:2549,0
DA:2550,0
DA:2551,0
DA:2552,0
DA:2553,0
DA:2554,0
DA:2555,0
DA:2556,0
DA:2557,0
DA:2558,0
DA:2559,0
DA:2561,0
DA:2565,0
DA:2566,0
DA:2567,0
DA:2569,0
DA:2570,0
DA:2573,0
DA:2574,0
DA:2575,0
DA:2576,0
DA:2577,0
DA:2578,0
DA:2579,0
DA:2580,0
DA:2581,0
DA:2582,0
DA:2583,0
DA:2584,0
DA:2585,0
DA:2586,0
DA:2587,0
DA:2590,0
DA:2594,0
DA:2595,0
DA:2596,0
DA:2599,0
DA:2602,0
DA:2603,0
DA:2604,0
DA:2605,0
DA:2606,0
DA:2607,0
DA:2608,0
DA:2609,0
DA:2610,0
DA:2611,0
DA:2612,0
DA:2613,0
DA:2614,0
DA:2615,0
DA:2616,0
DA:2619,0
DA:2623,0
DA:2624,0
DA:2625,0
DA:2628,0
DA:2631,0
DA:2632,0
DA:2633,0
DA:2634,0
DA:2635,0
DA:2636,0
DA:2637,0
DA:2638,0
DA:2639,0
DA:2640,0
DA:2641,0
DA:2642,0
DA:2643,0
DA:2644,0
DA:2645,0
DA:2648,0
DA:2652,0
DA:2653,0
DA:2654,0
DA:2657,0
DA:2660,0
DA:2661,0
DA:2662,0
DA:2663,0
DA:2664,0
DA:2665,0
DA:2666,0
DA:2667,0
DA:2668,0
DA:2669,0
DA:2670,0
DA:2671,0
DA:2672,0
DA:2673,0
DA:2674,0
DA:2677,0
DA:2681,0
DA:2682,0
DA:2683,0
DA:2686,0
DA:2689,0
DA:2690,0
DA:2691,0
DA:2692,0
DA:2693,0
DA:2694,0
DA:2695,0
DA:2696,0
DA:2697,0
DA:2698,0
DA:2699,0
DA:2700,0
DA:2701,0
DA:2702,0
DA:2703,0
DA:2706,0
DA:2710,0
DA:2711,0
DA:2712,0
DA:2715,0
DA:2718,0
DA:2719,0
DA:2721,1
DA:2723,1
DA:2724,0
DA:2725,0
DA:2726,0
DA:2728,0
DA:2729,0
DA:2730,0
DA:2733,0
DA:2734,0
DA:2735,0
DA:2738,0
DA:2739,0
DA:2740,0
DA:2741,0
DA:2743,0
DA:2745,0
DA:2746,0
DA:2747,0
DA:2750,0
DA:2751,0
DA:2752,0
DA:2755,0
DA:2756,0
DA:2757,0
DA:2758,0
DA:2760,0
DA:2762,0
DA:2763,0
DA:2764,0
DA:2767,0
DA:2768,0
DA:2769,0
DA:2772,0
DA:2773,0
DA:2774,0
DA:2775,0
DA:2777,0
DA:2779,0
DA:2780,0
DA:2781,0
DA:2784,0
DA:2785,0
DA:2786,0
DA:2789,0
DA:2790,0
DA:2791,0
DA:2792,0
DA:2794,0
DA:2800,0
DA:2801,0
DA:2802,0
DA:2803,0
DA:2804,0
DA:2805,0
DA:2808,0
DA:2809,0
DA:2810,0
DA:2813,0
DA:2814,0
DA:2815,0
DA:2816,0
DA:2817,0
DA:2818,0
DA:2821,0
DA:2822,0
DA:2823,0
DA:2824,0
DA:2827,0
DA:2828,0
DA:2829,0
DA:2832,0
DA:2833,0
DA:2834,0
DA:2835,0
DA:2836,0
DA:2837,0
DA:2841,0
DA:2842,0
DA:2843,0
DA:2846,0
DA:2847,0
DA:2848,0
DA:2851,0
DA:2852,0
DA:2853,0
DA:2854,0
DA:2855,0
DA:2856,0
DA:2861,0
DA:2862,0
DA:2863,0
DA:2865,0
DA:2866,0
DA:2867,0
DA:2870,0
DA:2871,0
DA:2872,0
DA:2875,0
DA:2876,0
DA:2877,0
DA:2878,0
DA:2880,0
DA:2882,0
DA:2883,0
DA:2884,0
DA:2887,0
DA:2888,0
DA:2889,0
DA:2892,0
DA:2893,0
DA:2894,0
DA:2895,0
DA:2897,0
DA:2899,0
DA:2900,0
DA:2901,0
DA:2904,0
DA:2905,0
DA:2906,0
DA:2909,0
DA:2910,0
DA:2911,0
DA:2912,0
DA:2914,0
DA:2916,0
DA:2917,0
DA:2918,0
DA:2921,0
DA:2922,0
DA:2923,0
DA:2926,0
DA:2927,0
DA:2928,0
DA:2929,0
DA:2931,0
DA:2937,0
DA:2938,0
DA:2939,0
DA:2940,0
DA:2941,0
DA:2942,0
DA:2945,0
DA:2946,0
DA:2947,0
DA:2950,0
DA:2951,0
DA:2952,0
DA:2953,0
DA:2954,0
DA:2955,0
DA:2959,0
DA:2960,0
DA:2961,0
DA:2962,0
DA:2965,0
DA:2966,0
DA:2967,0
DA:2970,0
DA:2971,0
DA:2972,0
DA:2973,0
DA:2974,0
DA:2975,0
DA:2979,0
DA:2980,0
DA:2981,0
DA:2984,0
DA:2985,0
DA:2986,0
DA:2989,0
DA:2990,0
DA:2991,0
DA:2992,0
DA:2993,0
DA:2994,0
DA:2999,0
DA:3000,0
DA:3001,0
DA:3002,0
DA:3003,0
DA:3006,0
DA:3007,0
DA:3009,0
DA:3010,0
DA:3011,0
DA:3013,0
DA:3014,0
DA:3015,0
DA:3017,0
DA:3018,0
DA:3019,0
DA:3021,0
DA:3022,0
DA:3023,0
DA:3025,0
DA:3026,0
DA:3027,0
DA:3029,0
DA:3030,0
DA:3031,0
DA:3032,0
DA:3034,0
DA:3035,0
DA:3036,0
DA:3037,0
DA:3040,0
DA:3041,0
DA:3042,0
DA:3045,0
DA:3046,0
DA:3049,0
DA:3050,0
DA:3053,0
DA:3054,0
DA:3057,0
DA:3058,0
DA:3061,0
DA:3062,0
DA:3065,0
DA:3066,0
DA:3067,0
DA:3069,0
DA:3070,0
DA:3072,0
DA:3073,0
DA:3075,0
DA:3076,0
DA:3077,0
DA:3078,0
DA:3079,0
DA:3082,0
DA:3083,0
DA:3085,0
DA:3086,0
DA:3087,0
DA:3089,0
DA:3090,0
DA:3091,0
DA:3093,0
DA:3094,0
DA:3095,0
DA:3097,0
DA:3098,0
DA:3099,0
DA:3101,0
DA:3102,0
DA:3103,0
DA:3105,0
DA:3106,0
DA:3107,0
DA:3108,0
DA:3110,0
DA:3111,0
DA:3112,0
DA:3113,0
DA:3116,0
DA:3119,1
DA:3120,0
DA:3121,0
DA:3122,0
DA:3124,0
DA:3125,0
DA:3126,0
DA:3127,0
DA:3128,0
DA:3129,0
DA:3130,0
DA:3132,0
DA:3133,0
DA:3135,0
DA:3137,0
DA:3138,0
DA:3139,0
DA:3140,0
DA:3141,0
DA:3142,0
DA:3143,0
DA:3145,0
DA:3146,0
DA:3148,0
DA:3150,0
DA:3151,0
DA:3152,0
DA:3153,0
DA:3154,0
DA:3155,0
DA:3156,0
DA:3158,0
DA:3159,0
DA:3161,0
DA:3163,0
DA:3164,0
DA:3165,0
DA:3166,0
DA:3167,0
DA:3168,0
DA:3169,0
DA:3171,0
DA:3173,0
DA:3174,0
DA:3175,0
DA:3176,0
DA:3177,0
DA:3178,0
DA:3180,0
DA:3181,0
DA:3182,0
DA:3183,0
DA:3184,0
DA:3185,0
DA:3188,1
DA:3189,0
DA:3190,0
DA:3191,0
DA:3192,0
DA:3193,0
DA:3195,1
DA:3196,0
DA:3197,0
DA:3198,0
DA:3199,0
DA:3200,0
DA:3202,1
DA:3203,0
DA:3204,0
DA:3205,0
DA:3206,0
DA:3207,0
DA:3209,1
DA:3210,0
DA:3211,0
DA:3212,0
DA:3213,0
DA:3214,0
DA:3216,1
DA:3217,0
DA:3218,0
DA:3219,0
DA:3220,0
DA:3221,0
DA:3223,1
DA:3224,1
DA:3225,1
DA:3226,0
DA:3227,0
DA:3228,0
DA:3230,0
DA:3231,0
DA:3232,0
DA:3234,0
DA:3235,0
DA:3236,0
DA:3238,0
DA:3239,0
DA:3240,0
DA:3242,0
DA:3243,0
DA:3244,0
DA:3246,0
DA:3247,0
DA:3248,0
DA:3250,0
DA:3251,0
DA:3252,0
DA:3253,0
DA:3254,0
DA:3256,0
DA:3257,0
DA:3259,0
DA:3260,0
DA:3262,0
DA:3263,0
DA:3265,0
DA:3266,0
DA:3268,0
DA:3269,0
DA:3271,0
DA:3272,0
DA:3273,0
DA:3274,0
DA:3276,1
DA:3277,0
DA:3278,0
DA:3279,0
DA:3281,0
DA:3282,0
DA:3283,0
DA:3285,0
DA:3286,0
DA:3287,0
DA:3289,0
DA:3290,0
DA:3291,0
DA:3293,0
DA:3294,0
DA:3295,0
DA:3297,0
DA:3298,0
DA:3299,0
DA:3301,0
DA:3302,0
DA:3303,0
DA:3304,0
DA:3305,0
DA:3307,0
DA:3308,0
DA:3310,0
DA:3311,0
DA:3313,0
DA:3314,0
DA:3316,0
DA:3317,0
DA:3319,0
DA:3320,0
DA:3322,0
DA:3323,0
DA:3324,0
DA:3325,0
DA:3326,0
DA:3327,0
DA:3330,1
DA:3332,0
DA:3333,0
DA:3335,0
DA:3336,0
DA:3337,0
DA:3339,0
DA:3340,0
DA:3341,0
DA:3342,0
DA:3344,0
DA:3345,0
DA:3346,0
DA:3347,0
DA:3349,0
DA:3350,0
DA:3352,0
DA:3353,0
DA:3354,0
DA:3356,0
DA:3357,0
DA:3358,0
DA:3360,0
DA:3362,0
DA:3363,0
DA:3365,0
DA:3366,0
DA:3367,0
DA:3369,0
DA:3370,0
DA:3371,0
DA:3373,0
DA:3375,0
DA:3376,0
DA:3377,0
DA:3378,0
DA:3380,0
DA:3381,0
DA:3382,0
DA:3383,0
DA:3384,0
DA:3388,0
DA:3390,0
DA:3391,0
DA:3392,0
DA:3395,1
DA:3396,0
DA:3397,0
DA:3398,0
DA:3399,0
DA:3400,0
DA:3401,0
DA:3402,0
DA:3404,0
DA:3405,0
DA:3407,0
DA:3408,0
DA:3409,0
DA:3410,0
DA:3411,0
DA:3412,0
DA:3413,0
DA:3414,0
DA:3415,0
DA:3416,0
DA:3417,0
DA:3418,0
DA:3419,0
DA:3420,0
DA:3421,0
DA:3422,0
DA:3423,0
DA:3426,0
DA:3428,0
DA:3429,0
DA:3432,0
DA:3433,0
DA:3435,0
DA:3436,0
DA:3438,0
DA:3439,0
DA:3441,0
DA:3442,0
DA:3445,0
DA:3446,0
DA:3447,0
DA:3453,1
DA:3454,0
DA:3455,0
DA:3457,0
DA:3459,0
DA:3460,0
DA:3461,0
DA:3462,0
DA:3463,0
DA:3465,0
DA:3466,0
DA:3467,0
DA:3468,0
DA:3469,0
DA:3471,0
DA:3472,0
DA:3473,0
DA:3475,0
DA:3476,0
DA:3477,0
DA:3479,0
DA:3480,0
DA:3481,0
DA:3483,0
DA:3485,0
DA:3486,0
DA:3487,0
DA:3489,0
DA:3490,0
DA:3491,0
DA:3493,0
DA:3494,0
DA:3495,0
DA:3497,0
DA:3499,0
DA:3500,0
DA:3501,0
DA:3502,0
DA:3503,0
DA:3505,0
DA:3506,0
DA:3507,0
DA:3508,0
DA:3509,0
DA:3511,0
DA:3512,0
DA:3513,0
DA:3515,1
DA:3516,0
DA:3517,0
DA:3519,0
DA:3521,0
DA:3522,0
DA:3523,0
DA:3525,0
DA:3526,0
DA:3527,0
DA:3529,0
DA:3530,0
DA:3531,0
DA:3533,0
DA:3534,0
DA:3535,0
DA:3537,0
DA:3538,0
DA:3539,0
DA:3541,0
DA:3542,0
DA:3544,0
DA:3545,0
DA:3547,0
DA:3548,0
DA:3550,0
DA:3551,0
DA:3553,0
DA:3554,0
DA:3556,0
DA:3557,0
DA:3559,0
DA:3560,0
DA:3561,0
DA:3562,0
DA:3564,0
DA:3565,0
DA:3566,0
DA:3567,0
DA:3568,0
DA:3569,0
DA:3570,0
LF:2385
LH:1233
BRDA:360,0,0,0
BRDA:360,0,1,0
BRDA:373,1,0,0
BRDA:373,1,1,0
BRDA:381,2,0,0
BRDA:381,2,1,0
BRDA:398,3,0,1
BRDA:398,3,1,36
BRDA:405,4,0,8
BRDA:405,4,1,214
BRDA:412,5,0,37
BRDA:412,5,1,37
BRDA:412,5,2,37
BRDA:412,5,3,37
BRDA:412,5,4,37
BRDA:412,5,5,37
BRDA:418,6,0,1
BRDA:418,6,1,36
BRDA:430,7,0,2
BRDA:430,7,1,35
BRDA:442,8,0,1
BRDA:442,8,1,36
BRDA:454,9,0,2
BRDA:454,9,1,35
BRDA:466,10,0,1
BRDA:466,10,1,36
BRDA:478,11,0,1
BRDA:478,11,1,36
BRDA:504,12,0,1
BRDA:504,12,1,36
BRDA:560,13,0,1
BRDA:560,13,1,36
BRDA:576,14,0,105
BRDA:576,14,1,105
BRDA:576,14,2,105
BRDA:576,14,3,105
BRDA:576,14,4,105
BRDA:576,14,5,105
BRDA:578,15,0,8
BRDA:578,15,1,97
BRDA:593,16,0,7
BRDA:593,16,1,98
BRDA:605,17,0,7
BRDA:605,17,1,98
BRDA:617,18,0,6
BRDA:617,18,1,99
BRDA:629,19,0,8
BRDA:629,19,1,97
BRDA:641,20,0,8
BRDA:641,20,1,97
BRDA:726,21,0,792
BRDA:726,21,1,9900
BRDA:732,22,0,792
BRDA:732,22,1,9108
BRDA:743,23,0,69
BRDA:743,23,1,955
BRDA:743,24,0,1024
BRDA:743,24,1,491
BRDA:743,24,2,491
BRDA:743,24,3,69
BRDA:751,25,0,19
BRDA:751,25,1,50
BRDA:752,26,0,11
BRDA:752,26,1,8
BRDA:759,27,0,17
BRDA:759,27,1,33
BRDA:760,28,0,9
BRDA:760,28,1,8
BRDA:767,29,0,18
BRDA:767,29,1,15
BRDA:768,30,0,9
BRDA:768,30,1,9
BRDA:776,31,0,7
BRDA:776,31,1,8
BRDA:783,32,0,2472
BRDA:783,32,1,234
BRDA:794,33,0,508
BRDA:794,33,1,0
BRDA:794,34,0,508
BRDA:794,34,1,508
BRDA:804,35,0,0
BRDA:806,36,0,6733
BRDA:806,36,1,6340
BRDA:813,37,0,12638
BRDA:813,37,1,305
BRDA:816,38,0,69
BRDA:816,38,1,236
BRDA:836,39,0,1025
BRDA:839,40,0,37
BRDA:839,40,1,988
BRDA:842,41,0,110
BRDA:842,41,1,878
BRDA:861,42,0,0
BRDA:861,42,1,83
BRDA:875,43,0,30
BRDA:875,43,1,38
BRDA:875,43,2,26
BRDA:875,43,3,31
BRDA:875,43,4,22
BRDA:875,43,5,25
BRDA:875,43,6,18
BRDA:875,43,7,19
BRDA:875,43,8,13
BRDA:875,43,9,14
BRDA:999,44,0,0
BRDA:999,44,1,0
BRDA:1003,45,0,0
BRDA:1003,45,1,0
BRDA:1003,46,0,0
BRDA:1003,46,1,0
BRDA:1016,47,0,658
BRDA:1016,47,1,70
BRDA:1018,48,0,0
BRDA:1018,48,1,1
BRDA:1018,48,2,0
BRDA:1018,48,3,1
BRDA:1018,48,4,1
BRDA:1018,48,5,1
BRDA:1018,48,6,1
BRDA:1018,48,7,0
BRDA:1054,49,0,94
BRDA:1054,49,1,10
BRDA:1078,50,0,94
BRDA:1078,50,1,10
BRDA:1099,51,0,94
BRDA:1099,51,1,10
BRDA:1121,52,0,94
BRDA:1121,52,1,10
BRDA:1143,53,0,94
BRDA:1143,53,1,10
BRDA:1165,54,0,94
BRDA:1165,54,1,10
BRDA:1187,55,0,94
BRDA:1187,55,1,10
BRDA:1209,56,0,94
BRDA:1209,56,1,10
BRDA:1226,57,0,18
BRDA:1226,57,1,18
BRDA:1228,58,0,2
BRDA:1228,58,1,2
BRDA:1228,58,2,2
BRDA:1228,58,3,2
BRDA:1228,58,4,2
BRDA:1228,58,5,2
BRDA:1228,58,6,2
BRDA:1228,58,7,2
BRDA:1258,59,0,3
BRDA:1258,59,1,1941
BRDA:1264,60,0,234
BRDA:1264,60,1,1710
BRDA:1309,61,0,2
BRDA:1309,61,1,1
BRDA:1337,62,0,2
BRDA:1337,62,1,1
BRDA:1364,63,0,2
BRDA:1364,63,1,1
BRDA:1393,64,0,2
BRDA:1393,64,1,1
BRDA:1422,65,0,2
BRDA:1422,65,1,1
BRDA:1451,66,0,2
BRDA:1451,66,1,1
BRDA:1486,67,0,5
BRDA:1486,67,1,0
BRDA:1490,68,0,5
BRDA:1490,68,1,15
BRDA:1492,69,0,0
BRDA:1492,69,1,1
BRDA:1492,69,2,1
BRDA:1492,69,3,1
BRDA:1492,69,4,1
BRDA:1492,69,5,1
BRDA:1549,70,0,5
BRDA:1549,70,1,0
BRDA:1553,71,0,5
BRDA:1553,71,1,14
BRDA:1555,72,0,1
BRDA:1555,72,1,0
BRDA:1555,72,2,1
BRDA:1555,72,3,1
BRDA:1555,72,4,1
BRDA:1555,72,5,1
BRDA:1609,73,0,5
BRDA:1609,73,1,0
BRDA:1613,74,0,5
BRDA:1613,74,1,13
BRDA:1615,75,0,1
BRDA:1615,75,1,1
BRDA:1615,75,2,0
BRDA:1615,75,3,1
BRDA:1615,75,4,1
BRDA:1615,75,5,1
BRDA:1669,76,0,5
BRDA:1669,76,1,0
BRDA:1673,77,0,5
BRDA:1673,77,1,12
BRDA:1675,78,0,1
BRDA:1675,78,1,1
BRDA:1675,78,2,1
BRDA:1675,78,3,0
BRDA:1675,78,4,1
BRDA:1675,78,5,1
BRDA:1729,79,0,5
BRDA:1729,79,1,0
BRDA:1733,80,0,5
BRDA:1733,80,1,11
BRDA:1735,81,0,1
BRDA:1735,81,1,1
BRDA:1735,81,2,1
BRDA:1735,81,3,1
BRDA:1735,81,4,0
BRDA:1735,81,5,1
BRDA:1789,82,0,5
BRDA:1789,82,1,0
BRDA:1793,83,0,5
BRDA:1793,83,1,10
BRDA:1795,84,0,1
BRDA:1795,84,1,1
BRDA:1795,84,2,1
BRDA:1795,84,3,1
BRDA:1795,84,4,1
BRDA:1795,84,5,0
BRDA:1845,85,0,9
BRDA:1845,85,1,9
BRDA:1847,86,0,2
BRDA:1847,86,1,4
BRDA:1847,87,0,6
BRDA:1847,87,1,6
BRDA:1863,88,0,9
BRDA:1863,88,1,9
BRDA:1865,89,0,3
BRDA:1865,89,1,10
BRDA:1865,90,0,13
BRDA:1865,90,1,13
BRDA:1881,91,0,9
BRDA:1881,91,1,9
BRDA:1883,92,0,3
BRDA:1883,92,1,16
BRDA:1883,93,0,19
BRDA:1883,93,1,19
BRDA:1899,94,0,9
BRDA:1899,94,1,9
BRDA:1901,95,0,3
BRDA:1901,95,1,22
BRDA:1901,96,0,25
BRDA:1901,96,1,25
BRDA:1917,97,0,9
BRDA:1917,97,1,9
BRDA:1919,98,0,3
BRDA:1919,98,1,28
BRDA:1919,99,0,31
BRDA:1919,99,1,31
BRDA:1935,100,0,7
BRDA:1935,100,1,7
BRDA:1937,101,0,0
BRDA:1937,101,1,0
BRDA:1937,102,0,0
BRDA:1937,102,1,0
BRDA:1953,103,0,7
BRDA:1953,103,1,7
BRDA:1955,104,0,0
BRDA:1955,104,1,6
BRDA:1955,105,0,6
BRDA:1955,105,1,6
BRDA:1971,106,0,7
BRDA:1971,106,1,7
BRDA:1973,107,0,0
BRDA:1973,107,1,12
BRDA:1973,108,0,12
BRDA:1973,108,1,12
BRDA:1989,109,0,7
BRDA:1989,109,1,7
BRDA:1991,110,0,0
BRDA:1991,110,1,18
BRDA:1991,111,0,18
BRDA:1991,111,1,18
BRDA:2007,112,0,7
BRDA:2007,112,1,7
BRDA:2009,113,0,0
BRDA:2009,113,1,24
BRDA:2009,114,0,24
BRDA:2009,114,1,24
BRDA:2025,115,0,3
BRDA:2025,115,1,3
BRDA:2036,116,0,0
BRDA:2036,116,1,2
BRDA:2175,117,0,0
BRDA:2175,117,1,0
BRDA:2175,118,0,0
BRDA:2175,118,1,0
BRDA:2178,119,0,0
BRDA:2178,119,1,0
BRDA:2228,120,0,0
BRDA:2228,120,1,0
BRDA:2228,121,0,0
BRDA:2228,121,1,0
BRDA:2231,122,0,0
BRDA:2231,122,1,0
BRDA:2287,123,0,0
BRDA:2287,123,1,0
BRDA:2289,124,0,0
BRDA:2289,124,1,0
BRDA:2289,124,2,0
BRDA:2289,124,3,0
BRDA:2289,124,4,0
BRDA:2292,125,0,0
BRDA:2292,125,1,0
BRDA:2298,126,0,0
BRDA:2298,126,1,0
BRDA:2306,127,0,0
BRDA:2306,127,1,0
BRDA:2312,128,0,0
BRDA:2312,128,1,0
BRDA:2320,129,0,0
BRDA:2320,129,1,0
BRDA:2326,130,0,0
BRDA:2326,130,1,0
BRDA:2334,131,0,0
BRDA:2334,131,1,0
BRDA:2340,132,0,0
BRDA:2340,132,1,0
BRDA:2348,133,0,0
BRDA:2348,133,1,0
BRDA:2354,134,0,0
BRDA:2354,134,1,0
BRDA:2362,135,0,0
BRDA:2362,135,1,0
BRDA:2371,136,0,0
BRDA:2371,136,1,0
BRDA:2371,136,2,0
BRDA:2371,136,3,0
BRDA:2371,136,4,0
BRDA:2374,137,0,0
BRDA:2374,137,1,0
BRDA:2381,138,0,0
BRDA:2381,138,1,0
BRDA:2388,139,0,0
BRDA:2388,139,1,0
BRDA:2395,140,0,0
BRDA:2395,140,1,0
BRDA:2402,141,0,0
BRDA:2402,141,1,0
BRDA:2412,142,0,0
BRDA:2412,142,1,0
BRDA:2416,143,0,0
BRDA:2416,143,1,0
BRDA:2417,144,0,0
BRDA:2417,144,1,0
BRDA:2417,144,2,0
BRDA:2417,144,3,0
BRDA:2417,144,4,0
BRDA:2490,145,0,0
BRDA:2490,145,1,0
BRDA:2491,146,0,0
BRDA:2491,146,1,0
BRDA:2491,146,2,0
BRDA:2491,146,3,0
BRDA:2491,146,4,0
BRDA:2566,147,0,0
BRDA:2566,147,1,0
BRDA:2570,148,0,0
BRDA:2570,148,1,0
BRDA:2570,148,2,0
BRDA:2570,148,3,0
BRDA:2570,148,4,0
BRDA:2584,149,0,0
BRDA:2584,149,1,0
BRDA:2586,150,0,0
BRDA:2586,150,1,0
BRDA:2613,151,0,0
BRDA:2613,151,1,0
BRDA:2615,152,0,0
BRDA:2615,152,1,0
BRDA:2642,153,0,0
BRDA:2642,153,1,0
BRDA:2644,154,0,0
BRDA:2644,154,1,0
BRDA:2671,155,0,0
BRDA:2671,155,1,0
BRDA:2673,156,0,0
BRDA:2673,156,1,0
BRDA:2700,157,0,0
BRDA:2700,157,1,0
BRDA:2702,158,0,0
BRDA:2702,158,1,0
BRDA:2724,159,0,0
BRDA:2724,159,1,0
BRDA:2724,160,0,0
BRDA:2724,160,1,0
BRDA:2726,161,0,0
BRDA:2726,161,1,0
BRDA:2726,161,2,0
BRDA:2726,161,3,0
BRDA:2729,162,0,0
BRDA:2729,162,1,0
BRDA:2733,163,0,0
BRDA:2733,163,1,0
BRDA:2746,164,0,0
BRDA:2746,164,1,0
BRDA:2750,165,0,0
BRDA:2750,165,1,0
BRDA:2763,166,0,0
BRDA:2763,166,1,0
BRDA:2767,167,0,0
BRDA:2767,167,1,0
BRDA:2780,168,0,0
BRDA:2780,168,1,0
BRDA:2784,169,0,0
BRDA:2784,169,1,0
BRDA:2800,170,0,0
BRDA:2800,170,1,0
BRDA:2800,171,0,0
BRDA:2800,171,1,0
BRDA:2802,172,0,0
BRDA:2802,172,1,0
BRDA:2804,173,0,0
BRDA:2804,173,1,0
BRDA:2808,174,0,0
BRDA:2808,174,1,0
BRDA:2821,175,0,0
BRDA:2821,175,1,0
BRDA:2823,176,0,0
BRDA:2823,176,1,0
BRDA:2827,177,0,0
BRDA:2827,177,1,0
BRDA:2842,178,0,0
BRDA:2842,178,1,0
BRDA:2846,179,0,0
BRDA:2846,179,1,0
BRDA:2861,180,0,0
BRDA:2861,180,1,0
BRDA:2861,181,0,0
BRDA:2861,181,1,0
BRDA:2863,182,0,0
BRDA:2863,182,1,0
BRDA:2863,182,2,0
BRDA:2863,182,3,0
BRDA:2866,183,0,0
BRDA:2866,183,1,0
BRDA:2870,184,0,0
BRDA:2870,184,1,0
BRDA:2883,185,0,0
BRDA:2883,185,1,0
BRDA:2887,186,0,0
BRDA:2887,186,1,0
BRDA:2900,187,0,0
BRDA:2900,187,1,0
BRDA:2904,188,0,0
BRDA:2904,188,1,0
BRDA:2917,189,0,0
BRDA:2917,189,1,0
BRDA:2921,190,0,0
BRDA:2921,190,1,0
BRDA:2937,191,0,0
BRDA:2937,191,1,0
BRDA:2937,192,0,0
BRDA:2937,192,1,0
BRDA:2939,193,0,0
BRDA:2939,193,1,0
BRDA:2941,194,0,0
BRDA:2941,194,1,0
BRDA:2945,195,0,0
BRDA:2945,195,1,0
BRDA:2959,196,0,0
BRDA:2959,196,1,0
BRDA:2961,197,0,0
BRDA:2961,197,1,0
BRDA:2965,198,0,0
BRDA:2965,198,1,0
BRDA:2980,199,0,0
BRDA:2980,199,1,0
BRDA:2984,200,0,0
BRDA:2984,200,1,0
BRDA:2999,201,0,0
BRDA:2999,201,1,0
BRDA:2999,202,0,0
BRDA:2999,202,1,0
BRDA:2999,202,2,0
BRDA:3001,203,0,0
BRDA:3001,203,1,0
BRDA:3007,204,0,0
BRDA:3007,204,1,0
BRDA:3007,204,2,0
BRDA:3007,204,3,0
BRDA:3007,204,4,0
BRDA:3030,205,0,0
BRDA:3030,205,1,0
BRDA:3040,206,0,0
BRDA:3040,206,1,0
BRDA:3040,207,0,0
BRDA:3040,207,1,0
BRDA:3040,207,2,0
BRDA:3042,208,0,0
BRDA:3042,208,1,0
BRDA:3042,208,2,0
BRDA:3042,208,3,0
BRDA:3042,208,4,0
BRDA:3065,209,0,0
BRDA:3065,209,1,0
BRDA:3075,210,0,0
BRDA:3075,210,1,0
BRDA:3075,211,0,0
BRDA:3075,211,1,0
BRDA:3075,211,2,0
BRDA:3077,212,0,0
BRDA:3077,212,1,0
BRDA:3083,213,0,0
BRDA:3083,213,1,0
BRDA:3083,213,2,0
BRDA:3083,213,3,0
BRDA:3083,213,4,0
BRDA:3106,214,0,0
BRDA:3106,214,1,0
BRDA:3122,215,0,0
BRDA:3122,215,1,0
BRDA:3122,215,2,0
BRDA:3122,215,3,0
BRDA:3122,215,4,0
BRDA:3129,216,0,0
BRDA:3129,216,1,0
BRDA:3129,217,0,0
BRDA:3129,217,1,0
BRDA:3132,218,0,0
BRDA:3132,218,1,0
BRDA:3142,219,0,0
BRDA:3142,219,1,0
BRDA:3142,220,0,0
BRDA:3142,220,1,0
BRDA:3145,221,0,0
BRDA:3145,221,1,0
BRDA:3155,222,0,0
BRDA:3155,222,1,0
BRDA:3155,223,0,0
BRDA:3155,223,1,0
BRDA:3158,224,0,0
BRDA:3158,224,1,0
BRDA:3168,225,0,0
BRDA:3168,225,1,0
BRDA:3227,226,0,0
BRDA:3227,226,1,0
BRDA:3228,227,0,0
BRDA:3228,227,1,0
BRDA:3228,227,2,0
BRDA:3228,227,3,0
BRDA:3228,227,4,0
BRDA:3251,228,0,0
BRDA:3251,228,1,0
BRDA:3254,229,0,0
BRDA:3254,229,1,0
BRDA:3254,229,2,0
BRDA:3254,229,3,0
BRDA:3254,229,4,0
BRDA:3278,230,0,0
BRDA:3278,230,1,0
BRDA:3279,231,0,0
BRDA:3279,231,1,0
BRDA:3279,231,2,0
BRDA:3279,231,3,0
BRDA:3279,231,4,0
BRDA:3302,232,0,0
BRDA:3302,232,1,0
BRDA:3305,233,0,0
BRDA:3305,233,1,0
BRDA:3305,233,2,0
BRDA:3305,233,3,0
BRDA:3305,233,4,0
BRDA:3337,234,0,0
BRDA:3337,234,1,0
BRDA:3337,234,2,0
BRDA:3337,234,3,0
BRDA:3337,234,4,0
BRDA:3350,235,0,0
BRDA:3350,235,1,0
BRDA:3363,236,0,0
BRDA:3363,236,1,0
BRDA:3380,237,0,0
BRDA:3380,237,1,0
BRDA:3396,238,0,0
BRDA:3396,238,1,0
BRDA:3397,239,0,0
BRDA:3397,239,1,0
BRDA:3401,240,0,0
BRDA:3401,240,1,0
BRDA:3401,241,0,0
BRDA:3401,241,1,0
BRDA:3404,242,0,0
BRDA:3404,242,1,0
BRDA:3426,243,0,0
BRDA:3426,243,1,0
BRDA:3426,243,2,0
BRDA:3426,243,3,0
BRDA:3426,243,4,0
BRDA:3455,244,0,0
BRDA:3455,244,1,0
BRDA:3457,245,0,0
BRDA:3457,245,1,0
BRDA:3457,245,2,0
BRDA:3457,245,3,0
BRDA:3457,245,4,0
BRDA:3473,246,0,0
BRDA:3473,246,1,0
BRDA:3487,247,0,0
BRDA:3487,247,1,0
BRDA:3517,248,0,0
BRDA:3517,248,1,0
BRDA:3519,249,0,0
BRDA:3519,249,1,0
BRDA:3519,249,2,0
BRDA:3519,249,3,0
BRDA:3519,249,4,0
BRDA:3542,250,0,0
BRDA:3542,250,1,0
BRDA:3542,250,2,0
BRDA:3542,250,3,0
BRDA:3542,250,4,0
BRF:615
BRH:247
end_of_record
